[{"line":2,"elements":[{"start_timestamp":"2022-05-26T21:42:26.516Z","before":[{"result":{"duration":5460000000,"status":"passed"},"match":{"location":"util.Hooks.before()"}}],"line":86,"name":"False Login","description":"","id":"home-page;false-login;;2","after":[{"result":{"duration":983000000,"status":"passed"},"match":{"location":"util.Hooks.after()"}}],"type":"scenario","keyword":"Scenario Outline","steps":[{"result":{"duration":1336000000,"status":"passed"},"before":[{"result":{"duration":1000000,"status":"passed"},"match":{"location":"util.Hooks.beforeStep()"}}],"line":81,"name":"Enes is on Login Page","match":{"location":"stepDefinitions.loginPageStepsDef.enesIsOnLoginPage()"},"after":[{"result":{"duration":1000000,"status":"passed"},"match":{"location":"util.Hooks.afterStep()"}}],"keyword":"Given "},{"result":{"duration":534000000,"status":"passed"},"before":[{"result":{"duration":1000000,"status":"passed"},"match":{"location":"util.Hooks.beforeStep()"}}],"line":82,"name":"type Email \"enes@mail.com\", Password \"123\" and click login","match":{"arguments":[{"val":"\"enes@mail.com\"","offset":11},{"val":"\"123\"","offset":37}],"location":"stepDefinitions.loginPageStepsDef.typeEmailPasswordAndClickLogin(java.lang.String,java.lang.String)"},"after":[{"result":{"duration":2000000,"status":"passed"},"match":{"location":"util.Hooks.afterStep()"}}],"keyword":"When "},{"result":{"error_message":"org.openqa.selenium.TimeoutException: Expected condition failed: waiting for presence of element located by: By.cssSelector: .login-form__header-errors--p (tried for 10 second(s) with 500 milliseconds interval)\r\n\tat org.openqa.selenium.support.ui.WebDriverWait.timeoutException(WebDriverWait.java:95)\r\n\tat org.openqa.selenium.support.ui.FluentWait.until(FluentWait.java:272)\r\n\tat util.ElementHelper.presenceElement(ElementHelper.java:174)\r\n\tat util.ElementHelper.findElement(ElementHelper.java:30)\r\n\tat util.ElementHelper.checkElementVisible(ElementHelper.java:81)\r\n\tat pages.loginPage.falseLoginMessage(loginPage.java:135)\r\n\tat stepDefinitions.loginPageStepsDef.shouldSeeLoginErrorMessage(loginPageStepsDef.java:142)\r\n\tat ✽.should see \"Lütfen E-posta Adresinizi ya da Sifrenizi Kontrol Ediniz.\" Login Error message(file:///C:/Users/burak_1nh9pr6/IdeaProjects/homework3/src/test/java/features/loginPage.feature:83)\r\nCaused by: org.openqa.selenium.NoSuchElementException: no such element: Unable to locate element: {\"method\":\"css selector\",\"selector\":\".login-form__header-errors--p\"}\n  (Session info: chrome=102.0.5005.62)\nFor documentation on this error, please visit: https://www.seleniumhq.org/exceptions/no_such_element.html\nBuild info: version: '3.141.59', revision: 'e82be7d358', time: '2018-11-14T08:17:03'\nSystem info: host: 'DESKTOP-E19GGI9', ip: '192.168.1.26', os.name: 'Windows 10', os.arch: 'amd64', os.version: '10.0', java.version: '1.8.0_332'\nDriver info: org.openqa.selenium.chrome.ChromeDriver\nCapabilities {acceptInsecureCerts: false, browserName: chrome, browserVersion: 102.0.5005.62, chrome: {chromedriverVersion: 102.0.5005.61 (0e59bcc00cc4..., userDataDir: C:\\Users\\BURAK_~1\\AppData\\L...}, goog:chromeOptions: {debuggerAddress: localhost:51893}, javascriptEnabled: true, networkConnectionEnabled: false, pageLoadStrategy: normal, platform: WINDOWS, platformName: WINDOWS, proxy: Proxy(), setWindowRect: true, strictFileInteractability: false, timeouts: {implicit: 0, pageLoad: 300000, script: 30000}, unhandledPromptBehavior: dismiss and notify, webauthn:extension:credBlob: true, webauthn:extension:largeBlob: true, webauthn:virtualAuthenticators: true}\nSession ID: a65806699d8dae8095939de355554007\n*** Element info: {Using=css selector, value=.login-form__header-errors--p}\r\n\tat sun.reflect.NativeConstructorAccessorImpl.newInstance0(Native Method)\r\n\tat sun.reflect.NativeConstructorAccessorImpl.newInstance(NativeConstructorAccessorImpl.java:62)\r\n\tat sun.reflect.DelegatingConstructorAccessorImpl.newInstance(DelegatingConstructorAccessorImpl.java:45)\r\n\tat java.lang.reflect.Constructor.newInstance(Constructor.java:423)\r\n\tat org.openqa.selenium.remote.http.W3CHttpResponseCodec.createException(W3CHttpResponseCodec.java:187)\r\n\tat org.openqa.selenium.remote.http.W3CHttpResponseCodec.decode(W3CHttpResponseCodec.java:122)\r\n\tat org.openqa.selenium.remote.http.W3CHttpResponseCodec.decode(W3CHttpResponseCodec.java:49)\r\n\tat org.openqa.selenium.remote.HttpCommandExecutor.execute(HttpCommandExecutor.java:158)\r\n\tat org.openqa.selenium.remote.service.DriverCommandExecutor.execute(DriverCommandExecutor.java:83)\r\n\tat org.openqa.selenium.remote.RemoteWebDriver.execute(RemoteWebDriver.java:552)\r\n\tat org.openqa.selenium.remote.RemoteWebDriver.findElement(RemoteWebDriver.java:323)\r\n\tat org.openqa.selenium.remote.RemoteWebDriver.findElementByCssSelector(RemoteWebDriver.java:420)\r\n\tat org.openqa.selenium.By$ByCssSelector.findElement(By.java:431)\r\n\tat org.openqa.selenium.remote.RemoteWebDriver.findElement(RemoteWebDriver.java:315)\r\n\tat org.openqa.selenium.support.ui.ExpectedConditions$6.apply(ExpectedConditions.java:182)\r\n\tat org.openqa.selenium.support.ui.ExpectedConditions$6.apply(ExpectedConditions.java:179)\r\n\tat org.openqa.selenium.support.ui.FluentWait.until(FluentWait.java:249)\r\n\tat util.ElementHelper.presenceElement(ElementHelper.java:174)\r\n\tat util.ElementHelper.findElement(ElementHelper.java:30)\r\n\tat util.ElementHelper.checkElementVisible(ElementHelper.java:81)\r\n\tat pages.loginPage.falseLoginMessage(loginPage.java:135)\r\n\tat stepDefinitions.loginPageStepsDef.shouldSeeLoginErrorMessage(loginPageStepsDef.java:142)\r\n\tat sun.reflect.NativeMethodAccessorImpl.invoke0(Native Method)\r\n\tat sun.reflect.NativeMethodAccessorImpl.invoke(NativeMethodAccessorImpl.java:62)\r\n\tat sun.reflect.DelegatingMethodAccessorImpl.invoke(DelegatingMethodAccessorImpl.java:43)\r\n\tat java.lang.reflect.Method.invoke(Method.java:498)\r\n\tat io.cucumber.java.Invoker.doInvoke(Invoker.java:66)\r\n\tat io.cucumber.java.Invoker.invoke(Invoker.java:24)\r\n\tat io.cucumber.java.AbstractGlueDefinition.invokeMethod(AbstractGlueDefinition.java:47)\r\n\tat io.cucumber.java.JavaStepDefinition.execute(JavaStepDefinition.java:29)\r\n\tat io.cucumber.core.runner.CoreStepDefinition.execute(CoreStepDefinition.java:66)\r\n\tat io.cucumber.core.runner.PickleStepDefinitionMatch.runStep(PickleStepDefinitionMatch.java:63)\r\n\tat io.cucumber.core.runner.ExecutionMode$1.execute(ExecutionMode.java:10)\r\n\tat io.cucumber.core.runner.TestStep.executeStep(TestStep.java:85)\r\n\tat io.cucumber.core.runner.TestStep.run(TestStep.java:57)\r\n\tat io.cucumber.core.runner.PickleStepTestStep.run(PickleStepTestStep.java:51)\r\n\tat io.cucumber.core.runner.TestCase.run(TestCase.java:84)\r\n\tat io.cucumber.core.runner.Runner.runPickle(Runner.java:75)\r\n\tat io.cucumber.testng.TestNGCucumberRunner.lambda$runScenario$1(TestNGCucumberRunner.java:132)\r\n\tat io.cucumber.core.runtime.CucumberExecutionContext.lambda$runTestCase$5(CucumberExecutionContext.java:129)\r\n\tat io.cucumber.core.runtime.RethrowingThrowableCollector.executeAndThrow(RethrowingThrowableCollector.java:23)\r\n\tat io.cucumber.core.runtime.CucumberExecutionContext.runTestCase(CucumberExecutionContext.java:129)\r\n\tat io.cucumber.testng.TestNGCucumberRunner.runScenario(TestNGCucumberRunner.java:129)\r\n\tat io.cucumber.testng.AbstractTestNGCucumberTests.runScenario(AbstractTestNGCucumberTests.java:35)\r\n\tat sun.reflect.NativeMethodAccessorImpl.invoke0(Native Method)\r\n\tat sun.reflect.NativeMethodAccessorImpl.invoke(NativeMethodAccessorImpl.java:62)\r\n\tat sun.reflect.DelegatingMethodAccessorImpl.invoke(DelegatingMethodAccessorImpl.java:43)\r\n\tat java.lang.reflect.Method.invoke(Method.java:498)\r\n\tat org.testng.internal.invokers.MethodInvocationHelper.invokeMethod(MethodInvocationHelper.java:135)\r\n\tat org.testng.internal.invokers.TestInvoker.invokeMethod(TestInvoker.java:673)\r\n\tat org.testng.internal.invokers.TestInvoker.invokeTestMethod(TestInvoker.java:220)\r\n\tat org.testng.internal.invokers.MethodRunner.runInSequence(MethodRunner.java:50)\r\n\tat org.testng.internal.invokers.TestInvoker$MethodInvocationAgent.invoke(TestInvoker.java:945)\r\n\tat org.testng.internal.invokers.TestInvoker.invokeTestMethods(TestInvoker.java:193)\r\n\tat org.testng.internal.invokers.TestMethodWorker.invokeTestMethods(TestMethodWorker.java:146)\r\n\tat org.testng.internal.invokers.TestMethodWorker.run(TestMethodWorker.java:128)\r\n\tat java.util.ArrayList.forEach(ArrayList.java:1259)\r\n\tat org.testng.TestRunner.privateRun(TestRunner.java:808)\r\n\tat org.testng.TestRunner.run(TestRunner.java:603)\r\n\tat org.testng.SuiteRunner.runTest(SuiteRunner.java:429)\r\n\tat org.testng.SuiteRunner.runSequentially(SuiteRunner.java:423)\r\n\tat org.testng.SuiteRunner.privateRun(SuiteRunner.java:383)\r\n\tat org.testng.SuiteRunner.run(SuiteRunner.java:326)\r\n\tat org.testng.SuiteRunnerWorker.runSuite(SuiteRunnerWorker.java:52)\r\n\tat org.testng.SuiteRunnerWorker.run(SuiteRunnerWorker.java:95)\r\n\tat org.testng.TestNG.runSuitesSequentially(TestNG.java:1249)\r\n\tat org.testng.TestNG.runSuitesLocally(TestNG.java:1169)\r\n\tat org.testng.TestNG.runSuites(TestNG.java:1092)\r\n\tat org.testng.TestNG.run(TestNG.java:1060)\r\n\tat com.intellij.rt.testng.IDEARemoteTestNG.run(IDEARemoteTestNG.java:66)\r\n\tat com.intellij.rt.testng.RemoteTestNGStarter.main(RemoteTestNGStarter.java:109)\r\n","duration":10629000000,"status":"failed"},"before":[{"result":{"status":"passed"},"match":{"location":"util.Hooks.beforeStep()"}}],"line":83,"name":"should see \"Lütfen E-posta Adresinizi ya da Sifrenizi Kontrol Ediniz.\" Login Error message","match":{"arguments":[{"val":"\"Lütfen E-posta Adresinizi ya da Sifrenizi Kontrol Ediniz.\"","offset":11}],"location":"stepDefinitions.loginPageStepsDef.shouldSeeLoginErrorMessage(java.lang.String)"},"after":[{"result":{"duration":1000000,"status":"passed"},"match":{"location":"util.Hooks.afterStep()"}}],"keyword":"Then "}],"tags":[{"name":"@LoginPage"},{"name":"@FalseLogin"}]}],"name":"Home Page","description":"","id":"home-page","keyword":"Feature","uri":"file:src/test/java/features/loginPage.feature","tags":[{"name":"@LoginPage","type":"Tag","location":{"line":1,"column":1}}]}]